<?xml version="1.0" encoding="UTF-8"?>
<!-- Generated by org.testng.reporters.JUnitXMLReporter -->
<testsuite ignored="1" hostname="dchaurasia" failures="0" tests="1" name="Default test" time="335.758" errors="0" timestamp="2025-04-03T00:39:36 IST">
  <testcase classname="contact.CreateContacts" name="createContWithBirthDateTest" time="335.665"/>
  <testcase classname="contact.CreateContacts" name="createContWithOrgTest" time="0.0">
    <ignored/>
  </testcase> <!-- createContWithOrgTest -->
</testsuite> <!-- Default test -->
