<?xml version="1.0" encoding="UTF-8"?>
<testng-results ignored="0" total="1" passed="1" failed="0" skipped="0">
  <reporter-output>
  </reporter-output>
  <suite started-at="2025-04-03T00:34:00 IST" name="Default suite" finished-at="2025-04-03T00:39:36 IST" duration-ms="335758">
    <groups>
    </groups>
    <test started-at="2025-04-03T00:34:00 IST" name="Default test" finished-at="2025-04-03T00:39:36 IST" duration-ms="335758">
      <class name="contact.CreateContacts">
        <test-method signature="createContWithBirthDateTest()[pri:0, instance:contact.CreateContacts@75d4a5c2]" started-at="2025-04-03T00:34:00 IST" name="createContWithBirthDateTest" finished-at="2025-04-03T00:39:36 IST" duration-ms="335665" status="PASS">
          <reporter-output>
          </reporter-output>
        </test-method> <!-- createContWithBirthDateTest -->
      </class> <!-- contact.CreateContacts -->
    </test> <!-- Default test -->
  </suite> <!-- Default suite -->
</testng-results>
